<?xml version="1.0" encoding="UTF-8"?>
<!-- Generated by org.testng.reporters.JUnitReportReporter -->
<testsuite hostname="SOMNATH-PC" failures="0" tests="1" name="testNGPackage.Sumo" time="0.003" errors="0" timestamp="2023-07-15T15:46:58 IST" skipped="0">
  <testcase classname="testNGPackage.Sumo" name="h" time="0.003">
    <system-out>
      <![CDATA[This is SumoTestNG]]>
    </system-out>
  </testcase> <!-- h -->
  <system-out>
    <![CDATA[This is DemoTestNG
This is RemoTestNG
This is SumoTestNG]]>
  </system-out>
</testsuite> <!-- testNGPackage.Sumo -->
