<?xml version="1.0" encoding="UTF-8"?>
<!-- Generated by org.testng.reporters.JUnitReportReporter -->
<testsuite hostname="SOMNATH-PC" failures="0" tests="1" name="testNGPackage.Remo" time="0.004" errors="0" timestamp="2023-07-15T15:46:58 IST" skipped="0">
  <testcase classname="testNGPackage.Remo" name="g" time="0.004">
    <system-out>
      <![CDATA[This is RemoTestNG]]>
    </system-out>
  </testcase> <!-- g -->
  <system-out>
    <![CDATA[This is DemoTestNG
This is RemoTestNG
This is SumoTestNG]]>
  </system-out>
</testsuite> <!-- testNGPackage.Remo -->
