<?xml version="1.0" encoding="UTF-8"?>
<!-- Generated by org.testng.reporters.JUnitReportReporter -->
<testsuite hostname="SOMNATH-PC" failures="0" tests="3" name="testNGAnnotation_Flags.Flag5" time="0.032" errors="0" timestamp="2023-07-22T15:06:03 IST" skipped="0">
  <testcase classname="testNGAnnotation_Flags.Flag5" name="createUserMethod" time="0.005"/>
  <testcase classname="testNGAnnotation_Flags.Flag5" name="logoutMethod" time="0.004"/>
  <testcase classname="testNGAnnotation_Flags.Flag5" name="loginMethod" time="0.023"/>
</testsuite> <!-- testNGAnnotation_Flags.Flag5 -->
