<?xml version="1.0" encoding="UTF-8"?>
<!-- Generated by org.testng.reporters.JUnitReportReporter -->
<testsuite hostname="SOMNATH-PC" failures="0" tests="1" name="testNGExecution.Test3" time="16.410" errors="0" timestamp="2023-07-19T14:11:44 IST" skipped="0">
  <testcase classname="testNGExecution.Test3" name="test3Method" time="16.410"/>
</testsuite> <!-- testNGExecution.Test3 -->
