<?xml version="1.0" encoding="UTF-8"?>
<!-- Generated by org.testng.reporters.JUnitReportReporter -->
<testsuite hostname="SOMNATH-PC" failures="0" tests="1" name="testNGPackage.Demo" time="0.033" errors="0" timestamp="2023-07-15T15:46:58 IST" skipped="0">
  <testcase classname="testNGPackage.Demo" name="f" time="0.033">
    <system-out>
      <![CDATA[This is DemoTestNG]]>
    </system-out>
  </testcase> <!-- f -->
  <system-out>
    <![CDATA[This is DemoTestNG
This is RemoTestNG
This is SumoTestNG]]>
  </system-out>
</testsuite> <!-- testNGPackage.Demo -->
