<?xml version="1.0" encoding="UTF-8"?>
<!-- Generated by org.testng.reporters.JUnitReportReporter -->
<testsuite hostname="SOMNATH-PC" failures="0" tests="1" name="testNGExecution.Test1" time="18.513" errors="0" timestamp="2023-07-19T14:11:44 IST" skipped="0">
  <testcase classname="testNGExecution.Test1" name="test1Method" time="18.513"/>
</testsuite> <!-- testNGExecution.Test1 -->
