<?xml version="1.0" encoding="UTF-8"?>
<!-- Generated by org.testng.reporters.JUnitReportReporter -->
<testsuite hostname="SOMNATH-PC" failures="0" tests="2" name="testNGExecution.TestMethod1" time="0.033" errors="0" timestamp="2023-07-18T15:30:31 IST" skipped="0">
  <testcase classname="testNGExecution.TestMethod1" name="testMethod1" time="0.016">
    <system-out>
      <![CDATA[thread id of testMethod1 :19]]>
    </system-out>
  </testcase> <!-- testMethod1 -->
  <testcase classname="testNGExecution.TestMethod1" name="testMethod2" time="0.017">
    <system-out>
      <![CDATA[thread id of testMethod2 :20]]>
    </system-out>
  </testcase> <!-- testMethod2 -->
  <system-out>
    <![CDATA[thread id of testMethod6 :22
thread id of testMethod1 :19
thread id of testMethod2 :20
thread id of testMethod3 :23
thread id of testMethod5 :21
thread id of testMethod4 :23]]>
  </system-out>
</testsuite> <!-- testNGExecution.TestMethod1 -->
