<?xml version="1.0" encoding="UTF-8"?>
<!-- Generated by org.testng.reporters.JUnitReportReporter -->
<testsuite hostname="SOMNATH-PC" failures="0" tests="3" name="testNGAnnotation_Flags.GoogleSearchtestCase" time="36.160" errors="0" timestamp="2023-07-20T15:10:07 IST" skipped="0">
  <testcase classname="testNGAnnotation_Flags.GoogleSearchtestCase" name="search3" time="9.254"/>
  <testcase classname="testNGAnnotation_Flags.GoogleSearchtestCase" name="search1" time="16.777"/>
  <testcase classname="testNGAnnotation_Flags.GoogleSearchtestCase" name="search2" time="10.129"/>
</testsuite> <!-- testNGAnnotation_Flags.GoogleSearchtestCase -->
