<?xml version="1.0" encoding="UTF-8"?>
<!-- Generated by org.testng.reporters.JUnitReportReporter -->
<testsuite hostname="SOMNATH-PC" failures="0" tests="2" name="testNGAnnotation_Flags.Flag1" time="0.029" errors="0" timestamp="2023-07-20T15:16:06 IST" skipped="0">
  <testcase classname="testNGAnnotation_Flags.Flag1" name="method1" time="0.026">
    <system-out>
      <![CDATA[method1 From flag1]]>
    </system-out>
  </testcase> <!-- method1 -->
  <testcase classname="testNGAnnotation_Flags.Flag1" name="method2" time="0.003">
    <system-out>
      <![CDATA[method2 From flag1]]>
    </system-out>
  </testcase> <!-- method2 -->
  <system-out>
    <![CDATA[method1 From flag1
method2 From flag1]]>
  </system-out>
</testsuite> <!-- testNGAnnotation_Flags.Flag1 -->
